2015-10-21T21:13:16.990-0700 I JOURNAL  [initandlisten] journal dir=/data/db/journal
2015-10-21T21:13:16.990-0700 I JOURNAL  [initandlisten] recover : no journal files present, no recovery needed
2015-10-21T21:13:17.124-0700 I JOURNAL  [durability] Durability thread started
2015-10-21T21:13:17.124-0700 I JOURNAL  [journal writer] Journal writer thread started
2015-10-21T21:13:17.126-0700 I CONTROL  [initandlisten] MongoDB starting : pid=9210 port=27017 dbpath=/data/db 64-bit host=mark-desktop
2015-10-21T21:13:17.126-0700 I CONTROL  [initandlisten] ** WARNING: You are running this process as the root user, which is not recommended.
2015-10-21T21:13:17.126-0700 I CONTROL  [initandlisten] 
2015-10-21T21:13:17.126-0700 I CONTROL  [initandlisten] 
2015-10-21T21:13:17.126-0700 I CONTROL  [initandlisten] ** WARNING: /sys/kernel/mm/transparent_hugepage/enabled is 'always'.
2015-10-21T21:13:17.126-0700 I CONTROL  [initandlisten] **        We suggest setting it to 'never'
2015-10-21T21:13:17.126-0700 I CONTROL  [initandlisten] 
2015-10-21T21:13:17.126-0700 I CONTROL  [initandlisten] ** WARNING: /sys/kernel/mm/transparent_hugepage/defrag is 'always'.
2015-10-21T21:13:17.126-0700 I CONTROL  [initandlisten] **        We suggest setting it to 'never'
2015-10-21T21:13:17.126-0700 I CONTROL  [initandlisten] 
2015-10-21T21:13:17.126-0700 I CONTROL  [initandlisten] db version v3.0.7
2015-10-21T21:13:17.126-0700 I CONTROL  [initandlisten] git version: 6ce7cbe8c6b899552dadd907604559806aa2e9bd
2015-10-21T21:13:17.126-0700 I CONTROL  [initandlisten] build info: Linux ip-10-229-88-125 3.13.0-24-generic #46-Ubuntu SMP Thu Apr 10 19:11:08 UTC 2014 x86_64 BOOST_LIB_VERSION=1_49
2015-10-21T21:13:17.126-0700 I CONTROL  [initandlisten] allocator: tcmalloc
2015-10-21T21:13:17.127-0700 I CONTROL  [initandlisten] options: { storage: { mmapv1: { smallFiles: true } } }
2015-10-21T21:13:17.134-0700 I NETWORK  [initandlisten] waiting for connections on port 27017
2015-10-21T21:13:42.145-0700 I NETWORK  [initandlisten] connection accepted from 127.0.0.1:42088 #1 (1 connection now open)
2015-10-21T21:13:42.149-0700 I NETWORK  [conn1] end connection 127.0.0.1:42088 (0 connections now open)
2015-10-21T21:24:56.872-0700 I NETWORK  [initandlisten] connection accepted from 127.0.0.1:42133 #2 (1 connection now open)
2015-10-21T21:24:56.872-0700 I NETWORK  [conn2] end connection 127.0.0.1:42133 (0 connections now open)
2015-10-21T21:49:22.676-0700 I CONTROL  [signalProcessingThread] got signal 15 (Terminated), will terminate after current cmd ends
2015-10-21T21:49:22.676-0700 I CONTROL  [signalProcessingThread] now exiting
2015-10-21T21:49:22.676-0700 I NETWORK  [signalProcessingThread] shutdown: going to close listening sockets...
2015-10-21T21:49:22.676-0700 I NETWORK  [signalProcessingThread] closing listening socket: 5
2015-10-21T21:49:22.676-0700 I NETWORK  [signalProcessingThread] closing listening socket: 6
2015-10-21T21:49:22.676-0700 I NETWORK  [signalProcessingThread] removing socket file: /tmp/mongodb-27017.sock
2015-10-21T21:49:22.676-0700 I NETWORK  [signalProcessingThread] shutdown: going to flush diaglog...
2015-10-21T21:49:22.676-0700 I NETWORK  [signalProcessingThread] shutdown: going to close sockets...
2015-10-21T21:49:22.676-0700 I STORAGE  [signalProcessingThread] shutdown: waiting for fs preallocator...
2015-10-21T21:49:22.676-0700 I STORAGE  [signalProcessingThread] shutdown: final commit...
2015-10-21T21:49:22.678-0700 I JOURNAL  [signalProcessingThread] journalCleanup...
2015-10-21T21:49:22.678-0700 I JOURNAL  [signalProcessingThread] removeJournalFiles
2015-10-21T21:49:22.680-0700 I JOURNAL  [signalProcessingThread] Terminating durability thread ...
2015-10-21T21:49:22.778-0700 I JOURNAL  [journal writer] Journal writer thread stopped
2015-10-21T21:49:22.779-0700 I JOURNAL  [durability] Durability thread stopped
2015-10-21T21:49:22.779-0700 I STORAGE  [signalProcessingThread] shutdown: closing all files...
2015-10-21T21:49:22.781-0700 I STORAGE  [signalProcessingThread] closeAllFiles() finished
2015-10-21T21:49:22.781-0700 I STORAGE  [signalProcessingThread] shutdown: removing fs lock...
2015-10-21T21:49:22.781-0700 I CONTROL  [signalProcessingThread] dbexit:  rc: 0
